<?xml version="1.0" encoding="UTF-8"?>
<testsuite xmlns:xsi="http://www.w3.org/2001/XMLSchema-instance" xsi:noNamespaceSchemaLocation="https://maven.apache.org/surefire/maven-surefire-plugin/xsd/surefire-test-report-3.0.xsd" version="3.0" name="com.bitespace.uitest.TestEmployee" time="29.553" tests="5" errors="0" skipped="0" failures="0">
  <properties>
[...]
</properties>
  <testcase name="tcEmp001" classname="com.bitespace.uitest.TestEmployee" time="5.817">
    <system-out><![CDATA[[TC-EMP-001] PASS
]]></system-out>
    <system-err><![CDATA[May 05, 2026 12:05:49 PM org.openqa.selenium.devtools.CdpVersionFinder findNearestMatch
WARNING: Unable to find CDP implementation matching 147
May 05, 2026 12:05:49 PM org.openqa.selenium.chromium.ChromiumDriver lambda$new$5
WARNING: Unable to find version of CDP to use for 147.0.7727.138. You may need to include a dependency on a specific version of the CDP using something similar to `org.seleniumhq.selenium:selenium-devtools-v86:4.18.1` where the version ("v86") matches the version of the chromium-based browser you're using and the version number of the artifact is the same as Selenium's.
]]></system-err>
  </testcase>
  <testcase name="tcEmp002" classname="com.bitespace.uitest.TestEmployee" time="5.211">
    <system-out><![CDATA[[TC-EMP-002] PASS
]]></system-out>
  </testcase>
  <testcase name="tcEmp003" classname="com.bitespace.uitest.TestEmployee" time="4.991">
    <system-out><![CDATA[[TC-EMP-003] PASS
]]></system-out>
  </testcase>
  <testcase name="tcEmp004" classname="com.bitespace.uitest.TestEmployee" time="6.894">
    <system-out><![CDATA[[TC-EMP-004] PASS
]]></system-out>
  </testcase>
  <testcase name="tcEmp005" classname="com.bitespace.uitest.TestEmployee" time="5.157">
    <system-out><![CDATA[[TC-EMP-005] PASS
]]></system-out>
  </testcase>
</testsuite>